<?xml version="1.0" encoding="UTF-8"?>
<!-- Generated by org.testng.reporters.JUnitReportReporter -->
<testsuite hostname="DELL-PC" failures="0" tests="1" name="com.rmgyantra.crud_with_BDD.PostingTheData" time="4.952" errors="0" timestamp="25 Oct 2022 11:51:11 GMT" skipped="0">
  <testcase classname="com.rmgyantra.crud_with_BDD.PostingTheData" name="createProject" time="4.952"/>
</testsuite> <!-- com.rmgyantra.crud_with_BDD.PostingTheData -->
