<?xml version="1.0" encoding="UTF-8"?>
<!-- Generated by org.testng.reporters.JUnitReportReporter -->
<testsuite hostname="DELL-PC" failures="0" tests="1" name="com.rmgyantra.crud_without_BDD.PostingTheData" time="5.333" errors="0" timestamp="26 Oct 2022 04:12:39 GMT" skipped="0">
  <testcase classname="com.rmgyantra.crud_without_BDD.PostingTheData" name="createProject" time="5.333"/>
</testsuite> <!-- com.rmgyantra.crud_without_BDD.PostingTheData -->
