<?xml version="1.0" encoding="UTF-8"?>
<!-- Generated by org.testng.reporters.JUnitReportReporter -->
<testsuite hostname="DELL-PC" failures="0" tests="1" name="com.rmgyantra.crud_with_BDD.GetProjectTest" time="3.259" errors="0" timestamp="25 Oct 2022 11:36:56 GMT" skipped="0">
  <testcase classname="com.rmgyantra.crud_with_BDD.GetProjectTest" name="getData" time="3.259"/>
</testsuite> <!-- com.rmgyantra.crud_with_BDD.GetProjectTest -->
