<?xml version="1.0" encoding="UTF-8"?>
<!-- Generated by org.testng.reporters.JUnitReportReporter -->
<testsuite hostname="DELL-PC" failures="0" tests="1" name="com.rmgyantra.crud_with_BDD.PostingTheData" time="6.536" errors="0" timestamp="26 Oct 2022 17:40:32 GMT" skipped="0">
  <testcase classname="com.rmgyantra.crud_with_BDD.PostingTheData" name="createProject" time="6.536"/>
</testsuite> <!-- com.rmgyantra.crud_with_BDD.PostingTheData -->
