<?xml version="1.0" encoding="UTF-8"?>
<!-- Generated by org.testng.reporters.JUnitReportReporter -->
<testsuite hostname="DELL-PC" failures="0" tests="1" name="com.rmgyantra.parameters.QueryParameter" time="4.116" errors="0" timestamp="26 Oct 2022 11:27:18 GMT" skipped="0">
  <testcase classname="com.rmgyantra.parameters.QueryParameter" name="queryPara" time="4.116"/>
</testsuite> <!-- com.rmgyantra.parameters.QueryParameter -->
