<?xml version="1.0" encoding="UTF-8"?>
<!-- Generated by org.testng.reporters.JUnitReportReporter -->
<testsuite hostname="DELL-PC" failures="0" tests="1" name="com.rmgyantra.crud_without_BDD.UodatingTheData__Patch" time="4.858" errors="0" timestamp="26 Oct 2022 05:35:29 GMT" skipped="0">
  <testcase classname="com.rmgyantra.crud_without_BDD.UodatingTheData__Patch" name="updateData" time="4.858"/>
</testsuite> <!-- com.rmgyantra.crud_without_BDD.UodatingTheData__Patch -->
