<?xml version="1.0" encoding="UTF-8"?>
<!-- Generated by org.testng.reporters.JUnitReportReporter -->
<testsuite hostname="DELL-PC" failures="0" tests="1" name="com.rgmyantra.Authentication.BasicAuthTest" time="3.895" errors="0" timestamp="27 Oct 2022 09:49:58 GMT" skipped="0">
  <testcase classname="com.rgmyantra.Authentication.BasicAuthTest" name="basicAuth" time="3.895"/>
</testsuite> <!-- com.rgmyantra.Authentication.BasicAuthTest -->
