<?xml version="1.0" encoding="UTF-8"?>
<!-- Generated by org.testng.reporters.JUnitReportReporter -->
<testsuite hostname="DELL-PC" failures="0" tests="1" name="com.rmgyantra.framework.RMGYANTRA_END2END" time="6.097" errors="0" timestamp="2022-10-28T14:58:11 IST" skipped="0">
  <testcase classname="com.rmgyantra.framework.RMGYANTRA_END2END" name="end2End" time="6.097"/>
  <system-out/>
</testsuite> <!-- com.rmgyantra.framework.RMGYANTRA_END2END -->
