<?xml version="1.0" encoding="UTF-8"?>
<!-- Generated by org.testng.reporters.JUnitReportReporter -->
<testsuite hostname="DELL-PC" failures="0" tests="1" name="com.rmgyantra.parameters.PathParameter" time="4.668" errors="0" timestamp="26 Oct 2022 11:37:07 GMT" skipped="0">
  <testcase classname="com.rmgyantra.parameters.PathParameter" name="pathParameter" time="4.668"/>
</testsuite> <!-- com.rmgyantra.parameters.PathParameter -->
