<?xml version="1.0" encoding="UTF-8"?>
<!-- Generated by org.testng.reporters.JUnitReportReporter -->
<testsuite hostname="DELL-PC" failures="0" tests="1" name="com.rgmyantra.Authentication.BearerTokenTest" time="5.944" errors="0" timestamp="27 Oct 2022 10:10:37 GMT" skipped="0">
  <testcase classname="com.rgmyantra.Authentication.BearerTokenTest" name="barerToken" time="5.944"/>
</testsuite> <!-- com.rgmyantra.Authentication.BearerTokenTest -->
