<?xml version="1.0" encoding="UTF-8"?>
<!-- Generated by org.testng.reporters.JUnitReportReporter -->
<testsuite hostname="DELL-PC" failures="0" tests="1" name="com.rmgyantra_validation.dynamicValidationTest" time="4.340" errors="0" timestamp="26 Oct 2022 10:35:03 GMT" skipped="0">
  <testcase classname="com.rmgyantra_validation.dynamicValidationTest" name="dynamicValidation" time="4.340"/>
</testsuite> <!-- com.rmgyantra_validation.dynamicValidationTest -->
