<?xml version="1.0" encoding="UTF-8"?>
<!-- Generated by org.testng.reporters.JUnitReportReporter -->
<testsuite hostname="DELL-PC" failures="0" tests="1" name="com.rgmyantra.requestchaining.RequestChaining" time="4.708" errors="0" timestamp="26 Oct 2022 12:18:05 GMT" skipped="0">
  <testcase classname="com.rgmyantra.requestchaining.RequestChaining" name="requestChain" time="4.708"/>
</testsuite> <!-- com.rgmyantra.requestchaining.RequestChaining -->
