<?xml version="1.0" encoding="UTF-8"?>
<!-- Generated by org.testng.reporters.JUnitReportReporter -->
<testsuite hostname="DELL-PC" failures="0" tests="1" name="com.rgmyantra.requestchaining.RequestChaining_post_delete" time="3.332" errors="0" timestamp="26 Oct 2022 12:33:57 GMT" skipped="0">
  <testcase classname="com.rgmyantra.requestchaining.RequestChaining_post_delete" name="requestChaining" time="3.332"/>
</testsuite> <!-- com.rgmyantra.requestchaining.RequestChaining_post_delete -->
