<?xml version="1.0" encoding="UTF-8"?>
<!-- Generated by org.testng.reporters.JUnitReportReporter -->
<testsuite hostname="DELL-PC" failures="0" tests="1" name="com.rgmyantra.requestchaining.RequestChaining_Scenario2" time="5.589" errors="0" timestamp="27 Oct 2022 07:56:00 GMT" skipped="0">
  <testcase classname="com.rgmyantra.requestchaining.RequestChaining_Scenario2" name="reqchain" time="5.589"/>
</testsuite> <!-- com.rgmyantra.requestchaining.RequestChaining_Scenario2 -->
