<?xml version="1.0" encoding="UTF-8"?>
<!-- Generated by org.testng.reporters.JUnitReportReporter -->
<testsuite hostname="DELL-PC" failures="0" tests="1" name="com.rmgyantra.framework.Post_Get_End2End_WithUtilities" time="5.169" errors="0" timestamp="2022-10-28T15:06:49 IST" skipped="0">
  <testcase classname="com.rmgyantra.framework.Post_Get_End2End_WithUtilities" name="CreateProject" time="5.169"/>
  <system-out/>
</testsuite> <!-- com.rmgyantra.framework.Post_Get_End2End_WithUtilities -->
