<?xml version="1.0" encoding="UTF-8"?>
<!-- Generated by org.testng.reporters.JUnitReportReporter -->
<testsuite hostname="DELL-PC" failures="0" tests="1" name="com.rmgyantra_validation.ValidationResponseTime" time="4.813" errors="0" timestamp="26 Oct 2022 10:49:24 GMT" skipped="0">
  <testcase classname="com.rmgyantra_validation.ValidationResponseTime" name="ValidationTime" time="4.813"/>
</testsuite> <!-- com.rmgyantra_validation.ValidationResponseTime -->
