<?xml version="1.0" encoding="UTF-8"?>
<!-- Generated by org.testng.reporters.JUnitReportReporter -->
<testsuite hostname="DELL-PC" failures="0" tests="1" name="com.rmgyantra.crud_without_BDD.GettingTestData" time="4.318" errors="0" timestamp="25 Oct 2022 10:24:53 GMT" skipped="0">
  <testcase classname="com.rmgyantra.crud_without_BDD.GettingTestData" name="getData" time="4.318"/>
</testsuite> <!-- com.rmgyantra.crud_without_BDD.GettingTestData -->
