<?xml version="1.0" encoding="UTF-8"?>
<!-- Generated by org.testng.reporters.JUnitReportReporter -->
<testsuite hostname="DELL-PC" failures="0" tests="1" name="com.rgmyantra.Authentication.OAuth2" time="6.433" errors="0" timestamp="27 Oct 2022 12:08:51 GMT" skipped="0">
  <testcase classname="com.rgmyantra.Authentication.OAuth2" name="Oauth" time="6.433"/>
</testsuite> <!-- com.rgmyantra.Authentication.OAuth2 -->
