<?xml version="1.0" encoding="UTF-8"?>
<!-- Generated by org.testng.reporters.JUnitReportReporter -->
<testsuite hostname="DELL-PC" failures="0" tests="1" name="com.rmgyantra_validation.staticValidationTest" time="4.782" errors="0" timestamp="26 Oct 2022 10:08:23 GMT" skipped="0">
  <testcase classname="com.rmgyantra_validation.staticValidationTest" name="staticValidation" time="4.782"/>
</testsuite> <!-- com.rmgyantra_validation.staticValidationTest -->
