<?xml version="1.0" encoding="UTF-8"?>
<!-- Generated by org.testng.reporters.JUnitReportReporter -->
<testsuite hostname="DELL-PC" failures="0" tests="1" name="com.rmgyantra.crud_DIfferent_ways_to_post_request.CreatingProjectUsing_POJOClassTest" time="4.722" errors="0" timestamp="26 Oct 2022 06:45:44 GMT" skipped="0">
  <testcase classname="com.rmgyantra.crud_DIfferent_ways_to_post_request.CreatingProjectUsing_POJOClassTest" name="creatingProject" time="4.722"/>
</testsuite> <!-- com.rmgyantra.crud_DIfferent_ways_to_post_request.CreatingProjectUsing_POJOClassTest -->
