<?xml version="1.0" encoding="UTF-8"?>
<!-- Generated by org.testng.reporters.JUnitReportReporter -->
<testsuite hostname="DELL-PC" failures="0" tests="2" name="com.rmgyantra.crud_DIfferent_ways_to_post_request.CreatingProjectUsing_POJOClassTest" time="9.399" errors="0" timestamp="26 Oct 2022 07:48:08 GMT" skipped="0">
  <testcase classname="com.rmgyantra.crud_DIfferent_ways_to_post_request.CreatingProjectUsing_POJOClassTest" name="creatingProject" time="8.769"/>
  <testcase classname="com.rmgyantra.crud_DIfferent_ways_to_post_request.CreatingProjectUsing_POJOClassTest" name="creatingProject" time="0.630"/>
</testsuite> <!-- com.rmgyantra.crud_DIfferent_ways_to_post_request.CreatingProjectUsing_POJOClassTest -->
