<?xml version="1.0" encoding="UTF-8"?>
<!-- Generated by org.testng.reporters.JUnitReportReporter -->
<testsuite hostname="DELL-PC" failures="0" tests="1" name="com.rmgyantra.crud_DIfferent_ways_to_post_request.CreatingProjectUsingJSONFileTest" time="4.356" errors="0" timestamp="26 Oct 2022 06:29:58 GMT" skipped="0">
  <testcase classname="com.rmgyantra.crud_DIfferent_ways_to_post_request.CreatingProjectUsingJSONFileTest" name="createProject" time="4.356"/>
</testsuite> <!-- com.rmgyantra.crud_DIfferent_ways_to_post_request.CreatingProjectUsingJSONFileTest -->
