<?xml version="1.0" encoding="UTF-8"?>
<!-- Generated by org.testng.reporters.JUnitReportReporter -->
<testsuite hostname="DELL-PC" failures="0" tests="1" name="com.rmgyantra.crud_with_BDD.updateTheData" time="4.698" errors="0" timestamp="25 Oct 2022 11:59:47 GMT" skipped="0">
  <testcase classname="com.rmgyantra.crud_with_BDD.updateTheData" name="updateData" time="4.698"/>
</testsuite> <!-- com.rmgyantra.crud_with_BDD.updateTheData -->
