<?xml version="1.0" encoding="UTF-8"?>
<!-- Generated by org.testng.reporters.JUnitReportReporter -->
<testsuite hostname="DELL-PC" failures="0" tests="1" name="com.rmgyantra.crud_without_BDD.UpdatingTheData" time="4.603" errors="0" timestamp="25 Oct 2022 11:00:20 GMT" skipped="0">
  <testcase classname="com.rmgyantra.crud_without_BDD.UpdatingTheData" name="updateData" time="4.603"/>
</testsuite> <!-- com.rmgyantra.crud_without_BDD.UpdatingTheData -->
