<?xml version="1.0" encoding="UTF-8"?>
<!-- Generated by org.testng.reporters.JUnitReportReporter -->
<testsuite hostname="DELL-PC" failures="0" tests="1" name="com.rmgyantra.crud_with_BDD.DeleteTheData" time="4.199" errors="0" timestamp="25 Oct 2022 13:05:37 GMT" skipped="0">
  <testcase classname="com.rmgyantra.crud_with_BDD.DeleteTheData" name="deleteData" time="4.199"/>
</testsuite> <!-- com.rmgyantra.crud_with_BDD.DeleteTheData -->
