<?xml version="1.0" encoding="UTF-8"?>
<!-- Generated by org.testng.reporters.JUnitReportReporter -->
<testsuite hostname="DELL-PC" failures="0" tests="1" name="com.rgmyantra.requestchaining.RequestChaining_CheckWithJDBC" time="8.424" errors="0" timestamp="28 Oct 2022 03:38:19 GMT" skipped="0">
  <testcase classname="com.rgmyantra.requestchaining.RequestChaining_CheckWithJDBC" name="reqchain" time="8.424"/>
</testsuite> <!-- com.rgmyantra.requestchaining.RequestChaining_CheckWithJDBC -->
