<?xml version="1.0" encoding="UTF-8"?>
<!-- Generated by org.testng.reporters.JUnitReportReporter -->
<testsuite hostname="DELL-PC" failures="0" tests="1" name="com.rmgyantra.crud_Hashmap.PostingTheData" time="3.696" errors="0" timestamp="26 Oct 2022 05:27:28 GMT" skipped="0">
  <testcase classname="com.rmgyantra.crud_Hashmap.PostingTheData" name="PostData" time="3.696"/>
</testsuite> <!-- com.rmgyantra.crud_Hashmap.PostingTheData -->
